<?xml version="1.0" encoding="UTF-8"?>
<!-- Generated by org.testng.reporters.JUnitXMLReporter -->
<testsuite ignored="0" hostname="shailesh" failures="0" tests="3" name="UserTest" time="21.24" errors="0" timestamp="2025-06-24T19:58:23 IST">
  <testcase classname="api.test.StoreTests" name="testpostorder" time="9.19"/>
  <testcase classname="api.test.StoreTests" name="testgetorder" time="8.573"/>
  <testcase classname="api.test.StoreTests" name="testdeleteorder" time="1.419"/>
</testsuite> <!-- UserTest -->
