<?xml version="1.0" encoding="UTF-8"?>
<!-- Generated by org.testng.reporters.JUnitXMLReporter -->
<testsuite ignored="0" hostname="shailesh" failures="0" tests="4" name="Default test" time="19.248" errors="0" timestamp="2025-08-07T20:38:27 IST">
  <testcase classname="api.test.UserTests" name="testpostuser" time="8.088"/>
  <testcase classname="api.test.UserTests" name="testGetUserByName" time="2.085"/>
  <testcase classname="api.test.UserTests" name="testUpdateUserByUserName" time="3.881"/>
  <testcase classname="api.test.UserTests" name="testDeleteUserByName" time="3.381"/>
</testsuite> <!-- Default test -->
