<?xml version="1.0" encoding="UTF-8"?>
<!-- Generated by org.testng.reporters.JUnitXMLReporter -->
<testsuite ignored="0" hostname="shailesh" failures="0" tests="3" name="Default test" time="13.902" errors="0" timestamp="2025-06-24T19:57:44 IST">
  <testcase classname="api.test.StoreTests" name="testpostorder" time="9.35"/>
  <testcase classname="api.test.StoreTests" name="testgetorder" time="1.396"/>
  <testcase classname="api.test.StoreTests" name="testdeleteorder" time="1.365"/>
</testsuite> <!-- Default test -->
