<?xml version="1.0" encoding="UTF-8"?>
<!-- Generated by org.testng.reporters.JUnitXMLReporter -->
<testsuite ignored="0" hostname="shailesh" failures="0" tests="3" name="Store Module" time="15.37" errors="0" timestamp="2025-05-04T19:35:38 IST">
  <testcase classname="api.test.StoreTests" name="testpostorder" time="8.106"/>
  <testcase classname="api.test.StoreTests" name="testgetorder" time="3.053"/>
  <testcase classname="api.test.StoreTests" name="testdeleteorder" time="2.581"/>
</testsuite> <!-- Store Module -->
