<?xml version="1.0" encoding="UTF-8"?>
<!-- Generated by org.testng.reporters.JUnitXMLReporter -->
<testsuite ignored="0" hostname="shailesh" failures="0" tests="3" name="Store Module" time="7.289" errors="0" timestamp="2025-05-04T17:37:40 IST">
  <testcase classname="api.test.StoreTests" name="testpostorder" time="3.961"/>
  <testcase classname="api.test.StoreTests" name="testgetorder" time="1.649"/>
  <testcase classname="api.test.StoreTests" name="testdeleteorder" time="1.599"/>
</testsuite> <!-- Store Module -->
