<?xml version="1.0" encoding="UTF-8"?>
<!-- Generated by org.testng.reporters.JUnitXMLReporter -->
<testsuite ignored="0" hostname="shailesh" failures="1" tests="4" name="UserTest" time="21.264" errors="0" timestamp="2025-05-02T19:56:28 IST">
  <testcase classname="api.test.properties.UserTests" name="testpostuser" time="7.397"/>
  <testcase classname="api.test.properties.UserTests" name="testGetUserByName" time="3.002">
    <failure type="java.lang.AssertionError" message="expected [200] but found [404]">
      <![CDATA[java.lang.AssertionError: expected [200] but found [404]
at api.test.properties.UserTests.testGetUserByName(UserTests.java:55)
at java.base/java.util.ArrayList.forEach(ArrayList.java:1596)
... Removed 36 stack frames]]>
    </failure>
  </testcase> <!-- testGetUserByName -->
  <testcase classname="api.test.properties.UserTests" name="testUpdateUserByUserName" time="3.555"/>
  <testcase classname="api.test.properties.UserTests" name="testDeleteUserByName" time="5.059"/>
</testsuite> <!-- UserTest -->
