<?xml version="1.0" encoding="UTF-8"?>
<!-- Generated by org.testng.reporters.JUnitXMLReporter -->
<testsuite ignored="0" hostname="shailesh" failures="0" tests="3" name="UserTest" time="7.698" errors="0" timestamp="2025-05-24T07:22:19 IST">
  <testcase classname="api.test.StoreTests" name="testpostorder" time="3.814"/>
  <testcase classname="api.test.StoreTests" name="testgetorder" time="1.476"/>
  <testcase classname="api.test.StoreTests" name="testdeleteorder" time="1.435"/>
</testsuite> <!-- UserTest -->
