<?xml version="1.0" encoding="UTF-8"?>
<testng-results ignored="0" total="4" passed="4" failed="0" skipped="0">
  <reporter-output>
  </reporter-output>
  <suite started-at="2025-08-07T20:56:45 IST" name="UserSuite" finished-at="2025-08-07T20:57:03 IST" duration-ms="17444">
    <groups>
    </groups>
    <test started-at="2025-08-07T20:56:45 IST" name="UserTest" finished-at="2025-08-07T20:57:03 IST" duration-ms="17444">
      <class name="api.test.UserTests">
        <test-method is-config="true" signature="setUserData()[pri:0, instance:api.test.UserTests@38c6f217]" started-at="2025-08-07T20:56:45 IST" name="setUserData" finished-at="2025-08-07T20:56:47 IST" duration-ms="1663" status="PASS">
          <reporter-output>
          </reporter-output>
        </test-method> <!-- setUserData -->
        <test-method signature="testpostuser()[pri:1, instance:api.test.UserTests@38c6f217]" started-at="2025-08-07T20:56:47 IST" name="testpostuser" finished-at="2025-08-07T20:56:54 IST" duration-ms="6851" status="PASS">
          <reporter-output>
          </reporter-output>
        </test-method> <!-- testpostuser -->
        <test-method signature="testGetUserByName()[pri:2, instance:api.test.UserTests@38c6f217]" started-at="2025-08-07T20:56:54 IST" name="testGetUserByName" finished-at="2025-08-07T20:56:57 IST" duration-ms="3164" status="PASS">
          <reporter-output>
          </reporter-output>
        </test-method> <!-- testGetUserByName -->
        <test-method signature="testUpdateUserByUserName()[pri:3, instance:api.test.UserTests@38c6f217]" started-at="2025-08-07T20:56:57 IST" name="testUpdateUserByUserName" finished-at="2025-08-07T20:57:00 IST" duration-ms="3272" status="PASS">
          <reporter-output>
          </reporter-output>
        </test-method> <!-- testUpdateUserByUserName -->
        <test-method signature="testDeleteUserByName()[pri:4, instance:api.test.UserTests@38c6f217]" started-at="2025-08-07T20:57:00 IST" name="testDeleteUserByName" finished-at="2025-08-07T20:57:03 IST" duration-ms="2413" status="PASS">
          <reporter-output>
          </reporter-output>
        </test-method> <!-- testDeleteUserByName -->
      </class> <!-- api.test.UserTests -->
    </test> <!-- UserTest -->
  </suite> <!-- UserSuite -->
</testng-results>
