<?xml version="1.0" encoding="UTF-8"?>
<testng-results ignored="0" total="3" passed="3" failed="0" skipped="0">
  <reporter-output>
  </reporter-output>
  <suite started-at="2025-05-24T07:22:11 IST" name="UserSuite" finished-at="2025-05-24T07:22:19 IST" duration-ms="7698">
    <groups>
    </groups>
    <test started-at="2025-05-24T07:22:11 IST" name="UserTest" finished-at="2025-05-24T07:22:19 IST" duration-ms="7698">
      <class name="api.test.StoreTests">
        <test-method is-config="true" signature="createData()[pri:0, instance:api.test.StoreTests@52bf72b5]" started-at="2025-05-24T07:22:12 IST" name="createData" finished-at="2025-05-24T07:22:12 IST" duration-ms="656" status="PASS">
          <reporter-output>
          </reporter-output>
        </test-method> <!-- createData -->
        <test-method signature="testpostorder()[pri:1, instance:api.test.StoreTests@52bf72b5]" started-at="2025-05-24T07:22:12 IST" name="testpostorder" finished-at="2025-05-24T07:22:16 IST" duration-ms="3814" status="PASS">
          <reporter-output>
          </reporter-output>
        </test-method> <!-- testpostorder -->
        <test-method signature="testgetorder()[pri:2, instance:api.test.StoreTests@52bf72b5]" started-at="2025-05-24T07:22:16 IST" name="testgetorder" finished-at="2025-05-24T07:22:18 IST" duration-ms="1476" status="PASS">
          <reporter-output>
          </reporter-output>
        </test-method> <!-- testgetorder -->
        <test-method signature="testdeleteorder()[pri:3, instance:api.test.StoreTests@52bf72b5]" started-at="2025-05-24T07:22:18 IST" name="testdeleteorder" finished-at="2025-05-24T07:22:19 IST" duration-ms="1435" status="PASS">
          <reporter-output>
          </reporter-output>
        </test-method> <!-- testdeleteorder -->
      </class> <!-- api.test.StoreTests -->
    </test> <!-- UserTest -->
  </suite> <!-- UserSuite -->
</testng-results>
