<?xml version="1.0" encoding="UTF-8"?>
<testng-results ignored="0" total="3" passed="3" failed="0" skipped="0">
  <reporter-output>
  </reporter-output>
  <suite started-at="2025-05-04T17:37:33 IST" name="Swagger UI" finished-at="2025-05-04T17:37:40 IST" duration-ms="7289">
    <groups>
    </groups>
    <test started-at="2025-05-04T17:37:33 IST" name="Store Module" finished-at="2025-05-04T17:37:40 IST" duration-ms="7289">
      <class name="api.test.StoreTests">
        <test-method is-config="true" signature="createData()[pri:0, instance:api.test.StoreTests@6c40365c]" started-at="2025-05-04T17:37:33 IST" name="createData" finished-at="2025-05-04T17:37:33 IST" duration-ms="16" status="PASS">
          <reporter-output>
          </reporter-output>
        </test-method> <!-- createData -->
        <test-method signature="testpostorder()[pri:1, instance:api.test.StoreTests@6c40365c]" started-at="2025-05-04T17:37:33 IST" name="testpostorder" finished-at="2025-05-04T17:37:37 IST" duration-ms="3961" status="PASS">
          <reporter-output>
          </reporter-output>
        </test-method> <!-- testpostorder -->
        <test-method signature="testgetorder()[pri:2, instance:api.test.StoreTests@6c40365c]" started-at="2025-05-04T17:37:37 IST" name="testgetorder" finished-at="2025-05-04T17:37:38 IST" duration-ms="1649" status="PASS">
          <reporter-output>
          </reporter-output>
        </test-method> <!-- testgetorder -->
        <test-method signature="testdeleteorder()[pri:3, instance:api.test.StoreTests@6c40365c]" started-at="2025-05-04T17:37:38 IST" name="testdeleteorder" finished-at="2025-05-04T17:37:40 IST" duration-ms="1599" status="PASS">
          <reporter-output>
          </reporter-output>
        </test-method> <!-- testdeleteorder -->
      </class> <!-- api.test.StoreTests -->
    </test> <!-- Store Module -->
  </suite> <!-- Swagger UI -->
</testng-results>
